\BOOKMARK [1][-]{section.1}{Introduction}{}% 1
\BOOKMARK [1][-]{section.2}{Preliminaries}{}% 2
\BOOKMARK [2][-]{subsection.2.1}{Notations}{section.2}% 3
\BOOKMARK [2][-]{subsection.2.2}{Model}{section.2}% 4
\BOOKMARK [2][-]{subsection.2.3}{An Illustrative Example}{section.2}% 5
\BOOKMARK [1][-]{section.3}{Equilibrium: k=n}{}% 6
\BOOKMARK [1][-]{section.4}{Equilibrium: k<n}{}% 7
\BOOKMARK [2][-]{subsection.4.1}{Overview}{section.4}% 8
\BOOKMARK [2][-]{subsection.4.2}{Step 1. Information hierarchy in G}{section.4}% 9
\BOOKMARK [2][-]{subsection.4.3}{Step 2: Equilibrium strategies in the path}{section.4}% 10
\BOOKMARK [3][-]{subsubsection.4.3.1}{Reporting messages in reporting period}{subsection.4.3}% 11
\BOOKMARK [3][-]{subsubsection.4.3.2}{Coordination messages in coordination period}{subsection.4.3}% 12
\BOOKMARK [2][-]{subsection.4.4}{Step 3: Off-path Belief}{section.4}% 13
\BOOKMARK [2][-]{subsection.4.5}{Sketch of the proof for Theorem \0402}{section.4}% 14
\BOOKMARK [2][-]{subsection.4.6}{Discussion}{section.4}% 15
\BOOKMARK [3][-]{subsubsection.4.6.1}{Variation: payoff as signals}{subsection.4.6}% 16
\BOOKMARK [3][-]{subsubsection.4.6.2}{Variation: Rebels with different levels of efforts}{subsection.4.6}% 17
\BOOKMARK [3][-]{subsubsection.4.6.3}{Variation: networks with cycles}{subsection.4.6}% 18
\BOOKMARK [1][-]{section.5}{Conclusion}{}% 19
\BOOKMARK [1][-]{appendix.A}{Appendix}{}% 20
\BOOKMARK [2][-]{subsection.A.1}{Equilibrium}{appendix.A}% 21
\BOOKMARK [3][-]{subsubsection.A.1.1}{Out-off-path belief}{subsection.A.1}% 22
\BOOKMARK [3][-]{subsubsection.A.1.2}{Equilibrium Path: Notations}{subsection.A.1}% 23
\BOOKMARK [3][-]{subsubsection.A.1.3}{Equilibrium Path: reporting period}{subsection.A.1}% 24
\BOOKMARK [3][-]{subsubsection.A.1.4}{Equilibrium path: coordination period}{subsection.A.1}% 25
\BOOKMARK [3][-]{subsubsection.A.1.5}{Proof for Theorem \0402}{subsection.A.1}% 26
