\BOOKMARK [1][-]{section.1}{Introduction}{}% 1
\BOOKMARK [2][-]{subsection.1.1}{Related Literature}{section.1}% 2
\BOOKMARK [1][-]{section.2}{Model}{}% 3
\BOOKMARK [1][-]{section.3}{Equilibrium: APEX for k=n}{}% 4
\BOOKMARK [1][-]{section.4}{Equilibrium: APEX for 1<k<n}{}% 5
\BOOKMARK [2][-]{subsection.4.1}{APEX strategy}{section.4}% 6
\BOOKMARK [2][-]{subsection.4.2}{T-round writing game}{section.4}% 7
\BOOKMARK [2][-]{subsection.4.3}{Equilibrium construction}{section.4}% 8
\BOOKMARK [3][-]{subsubsection.4.3.1}{The equilibrium path in the reporting phase}{subsection.4.3}% 9
\BOOKMARK [3][-]{subsubsection.4.3.2}{The equilibrium path in the coordination phase}{subsection.4.3}% 10
\BOOKMARK [3][-]{subsubsection.4.3.3}{The equilibrium behavior on the path in Coord1}{subsection.4.3}% 11
\BOOKMARK [3][-]{subsubsection.4.3.4}{The equilibrium behavior on the path in Coordt for t2}{subsection.4.3}% 12
\BOOKMARK [2][-]{subsection.4.4}{Sketch of the proof of Theorem 2}{section.4}% 13
\BOOKMARK [1][-]{section.5}{Discussion}{}% 14
\BOOKMARK [2][-]{subsection.5.1}{Payoff as signals}{section.5}% 15
\BOOKMARK [2][-]{subsection.5.2}{Cyclic networks}{section.5}% 16
\BOOKMARK [1][-]{section.6}{Conclusion}{}% 17
\BOOKMARK [1][-]{appendix.A}{Appendix}{}% 18
\BOOKMARK [2][-]{subsection.A.1}{The APEX equilibrium for Theorem 2}{appendix.A}% 19
\BOOKMARK [3][-]{subsubsection.A.1.1}{Equilibrium path}{subsection.A.1}% 20
\BOOKMARK [2][-]{subsection.A.2}{Missing proofs}{appendix.A}% 21
