\BOOKMARK [1][-]{section.1}{Introduction}{}% 1
\BOOKMARK [1][-]{section.2}{Model}{}% 2
\BOOKMARK [2][-]{subsection.2.1}{Model}{section.2}% 3
\BOOKMARK [1][-]{section.3}{Equilibrium}{}% 4
\BOOKMARK [2][-]{subsection.3.1}{The case: k=n}{section.3}% 5
\BOOKMARK [2][-]{subsection.3.2}{The case : 1<k<n}{section.3}% 6
\BOOKMARK [3][-]{subsubsection.3.2.1}{Step 1. Information hierarchy in G}{subsection.3.2}% 7
\BOOKMARK [3][-]{subsubsection.3.2.2}{Step 2: Equilibrium strategies in the path}{subsection.3.2}% 8
\BOOKMARK [3][-]{subsubsection.3.2.3}{Step 3: Off-path Belief and Incentives In-the-path}{subsection.3.2}% 9
\BOOKMARK [2][-]{subsection.3.3}{Result}{section.3}% 10
\BOOKMARK [3][-]{subsubsection.3.3.1}{Variation: Pay-off as signals}{subsection.3.3}% 11
\BOOKMARK [3][-]{subsubsection.3.3.2}{Variation: Rebels with different levels of efforts}{subsection.3.3}% 12
\BOOKMARK [1][-]{section.4}{Discussion}{}% 13
\BOOKMARK [1][-]{section.5}{Conclusion}{}% 14
\BOOKMARK [1][-]{appendix.A}{Appendix}{}% 15
\BOOKMARK [2][-]{subsection.A.1}{Equilibrium}{appendix.A}% 16
\BOOKMARK [3][-]{subsubsection.A.1.1}{Out-off-path belief}{subsection.A.1}% 17
\BOOKMARK [3][-]{subsubsection.A.1.2}{Equilibrium Path: Notations}{subsection.A.1}% 18
\BOOKMARK [3][-]{subsubsection.A.1.3}{Equilibrium Path: reporting period}{subsection.A.1}% 19
\BOOKMARK [3][-]{subsubsection.A.1.4}{Equilibrium path: coordination period}{subsection.A.1}% 20
\BOOKMARK [3][-]{subsubsection.A.1.5}{proof for Theorem \0403}{subsection.A.1}% 21
\BOOKMARK [3][-]{subsubsection.A.1.6}{Main claims in coordination period}{subsection.A.1}% 22
