\BOOKMARK [1][-]{section.1}{Introduction}{}% 1
\BOOKMARK [1][-]{section.2}{Model}{}% 2
\BOOKMARK [2][-]{subsection.2.1}{Notations}{section.2}% 3
\BOOKMARK [2][-]{subsection.2.2}{Model}{section.2}% 4
\BOOKMARK [1][-]{section.3}{Equilibrium}{}% 5
\BOOKMARK [2][-]{subsection.3.1}{The case: k=n}{section.3}% 6
\BOOKMARK [2][-]{subsection.3.2}{The cases : 1<k<n}{section.3}% 7
\BOOKMARK [3][-]{subsubsection.3.2.1}{Overview}{subsection.3.2}% 8
\BOOKMARK [3][-]{subsubsection.3.2.2}{Step 1. Information hierarchy in G}{subsection.3.2}% 9
\BOOKMARK [3][-]{subsubsection.3.2.3}{Step 2: Equilibrium strategies in the path}{subsection.3.2}% 10
\BOOKMARK [3][-]{subsubsection.3.2.4}{Step 3: Off-path Belief}{subsection.3.2}% 11
\BOOKMARK [3][-]{subsubsection.3.2.5}{Sketch of the proof for Theorem \0402}{subsection.3.2}% 12
\BOOKMARK [2][-]{subsection.3.3}{Discussion}{section.3}% 13
\BOOKMARK [3][-]{subsubsection.3.3.1}{Variation: Pay-off as signals}{subsection.3.3}% 14
\BOOKMARK [3][-]{subsubsection.3.3.2}{Variation: Rebels with different levels of efforts}{subsection.3.3}% 15
\BOOKMARK [3][-]{subsubsection.3.3.3}{Variation: networks with cycles}{subsection.3.3}% 16
\BOOKMARK [1][-]{section.4}{Conclusion}{}% 17
\BOOKMARK [1][-]{appendix.A}{Appendix}{}% 18
\BOOKMARK [2][-]{subsection.A.1}{Equilibrium}{appendix.A}% 19
\BOOKMARK [3][-]{subsubsection.A.1.1}{Out-off-path belief}{subsection.A.1}% 20
\BOOKMARK [3][-]{subsubsection.A.1.2}{Equilibrium Path: Notations}{subsection.A.1}% 21
\BOOKMARK [3][-]{subsubsection.A.1.3}{Equilibrium Path: reporting period}{subsection.A.1}% 22
\BOOKMARK [3][-]{subsubsection.A.1.4}{Equilibrium path: coordination period}{subsection.A.1}% 23
\BOOKMARK [3][-]{subsubsection.A.1.5}{Proof for Theorem \0402}{subsection.A.1}% 24
