\BOOKMARK [2][-]{subsection.0.1}{Proof for equilibrium}{}% 1
\BOOKMARK [3][-]{subsubsection.0.1.1}{Main claims in reporting period}{subsection.0.1}% 2
\BOOKMARK [3][-]{subsubsection.0.1.2}{Main claims in coordination period}{subsection.0.1}% 3
\BOOKMARK [1][-]{appendix.A}{Proof}{}% 4
\BOOKMARK [2][-]{subsection.A.1}{Proof for Lemma \040??}{appendix.A}% 5
\BOOKMARK [2][-]{subsection.A.2}{Proof for Lemma \040??}{appendix.A}% 6
\BOOKMARK [2][-]{subsection.A.3}{Proof for Lemma \040??}{appendix.A}% 7
\BOOKMARK [2][-]{subsection.A.4}{Proof for Lemma \040??}{appendix.A}% 8
\BOOKMARK [2][-]{subsection.A.5}{Proof for Lemma \040??}{appendix.A}% 9
\BOOKMARK [2][-]{subsection.A.6}{Proof for Lemma \040??}{appendix.A}% 10
\BOOKMARK [2][-]{subsection.A.7}{Proof for equilibrium}{appendix.A}% 11
\BOOKMARK [3][-]{subsubsection.A.7.1}{Proof for Claim \0400.1.0.1}{subsection.A.7}% 12
\BOOKMARK [2][-]{subsection.A.8}{Proof for reporting period}{appendix.A}% 13
\BOOKMARK [3][-]{subsubsection.A.8.1}{Proof for Claim \0400.1.1.1}{subsection.A.8}% 14
\BOOKMARK [3][-]{subsubsection.A.8.2}{Proof for Claim \0400.1.1.2}{subsection.A.8}% 15
\BOOKMARK [3][-]{subsubsection.A.8.3}{Proof for Claim \0400.1.1.3}{subsection.A.8}% 16
\BOOKMARK [3][-]{subsubsection.A.8.4}{Proof for Claim \0400.1.1.5}{subsection.A.8}% 17
\BOOKMARK [3][-]{subsubsection.A.8.5}{Proof for Claim \0400.1.1.6}{subsection.A.8}% 18
\BOOKMARK [2][-]{subsection.A.9}{Proof for coordination period}{appendix.A}% 19
\BOOKMARK [3][-]{subsubsection.A.9.1}{Proof for Claim \0400.1.2.2}{subsection.A.9}% 20
\BOOKMARK [3][-]{subsubsection.A.9.2}{Proof for Claim \0400.1.2.3}{subsection.A.9}% 21
